

Microchip Technology PIC18 LITE Macro Assembler V1.35 build -356382666 
                                                                                               Tue Oct 31 11:51:08 2017

Microchip Technology Omniscient Code Generator v1.35 (Free mode) build 201507080246
     1                           	processor	18F4520
     2                           	fnconf	rparam,??,?,0
     3                           	opt	pw 120
     4                           	opt	lm
     5                           	psect	cinit,global,reloc=2,class=CODE,delta=1
     6                           	psect	cstackCOMRAM,global,class=COMRAM,space=1,delta=1
     7                           	psect	text0,global,reloc=2,class=CODE,delta=1
     8                           	psect	text1,global,reloc=2,class=CODE,delta=1
     9                           	psect	text2,global,reloc=2,class=CODE,delta=1
    10                           	psect	text3,global,reloc=2,class=CODE,delta=1
    11                           	psect	text4,global,reloc=2,class=CODE,delta=1
    12                           	psect	text5,global,reloc=2,class=CODE,delta=1
    13                           	psect	text6,global,reloc=2,class=CODE,delta=1
    14                           	psect	text7,global,reloc=2,class=CODE,delta=1
    15                           	psect	intsave_regs,global,class=BIGRAM,space=1,delta=1
    16                           	psect	rparam,global,class=COMRAM,space=1,delta=1
    17  0000                     _CCP1CON	set	4029
    18  0000                     _CCP2CON	set	4026
    19  0000                     _CCPR2L	set	4027
    20  0000                     _PIR1bits	set	3998
    21  0000                     _PORTBbits	set	3969
    22  0000                     _PR2	set	4043
    23  0000                     _RCREG	set	4014
    24  0000                     _RCSTA	set	4011
    25  0000                     _SPBRG	set	4015
    26  0000                     _T2CON	set	4042
    27  0000                     _T2CONbits	set	4042
    28  0000                     _TMR2	set	4044
    29  0000                     _TRISAbits	set	3986
    30  0000                     _TRISBbits	set	3987
    31  0000                     _TRISCbits	set	3988
    32  0000                     _TXREG	set	4013
    33  0000                     _TXSTA	set	4012
    34                           
    35                           ; #config settings
    36  0000                     
    37                           	psect	cinit
    38  007EFE                     __pcinit:
    39                           	opt stack 0
    40  007EFE                     start_initialization:
    41                           	opt stack 0
    42  007EFE                     __initialization:
    43                           	opt stack 0
    44  007EFE                     end_of_initialization:
    45                           	opt stack 0
    46  007EFE                     __end_of__initialization:
    47                           	opt stack 0
    48  007EFE  0100               	movlb	0
    49  007F00  EFD6  F03F         	goto	_main	;jump to C main() function
    50                           
    51                           	psect	cstackCOMRAM
    52  000001                     __pcstackCOMRAM:
    53                           	opt stack 0
    54  000001                     uart_rx@z:
    55                           	opt stack 0
    56                           
    57                           ; 1 bytes @ 0x0
    58  000001                     	ds	1
    59  000002                     
    60                           ; 2 bytes @ 0x1
    61  000002                     	ds	2
    62  000004                     
    63                           ; 3 bytes @ 0x3
    64  000004                     	ds	3
    65  000007                     main@z:
    66                           	opt stack 0
    67                           
    68                           ; 1 bytes @ 0x6
    69  000007                     	ds	1
    70                           
    71 ;;
    72 ;;Main: autosize = 0, tempsize = 0, incstack = 0, save=0
    73 ;;
    74 ;; *************** function _main *****************
    75 ;; Defined at:
    76 ;;		line 16 in file "main.c"
    77 ;; Parameters:    Size  Location     Type
    78 ;;  argc            2    1[COMRAM] int 
    79 ;;  argv            3    3[COMRAM] PTR PTR unsigned char 
    80 ;; Auto vars:     Size  Location     Type
    81 ;;  z               1    6[COMRAM] unsigned char 
    82 ;; Return value:  Size  Location     Type
    83 ;;                  2    1[COMRAM] int 
    84 ;; Registers used:
    85 ;;		wreg, status,2, status,0, cstack
    86 ;; Tracked objects:
    87 ;;		On entry : 0/0
    88 ;;		On exit  : 0/0
    89 ;;		Unchanged: 0/0
    90 ;; Data sizes:     COMRAM   BANK0   BANK1   BANK2   BANK3   BANK4   BANK5
    91 ;;      Params:         5       0       0       0       0       0       0
    92 ;;      Locals:         1       0       0       0       0       0       0
    93 ;;      Temps:          0       0       0       0       0       0       0
    94 ;;      Totals:         6       0       0       0       0       0       0
    95 ;;Total ram usage:        6 bytes
    96 ;; Hardware stack levels required when called:    1
    97 ;; This function calls:
    98 ;;		_pwm_25
    99 ;;		_pwm_50
   100 ;;		_pwm_75
   101 ;;		_pwm_off
   102 ;;		_pwm_on
   103 ;;		_uart_init
   104 ;;		_uart_rx
   105 ;; This function is called by:
   106 ;;		Startup code after reset
   107 ;; This function uses a non-reentrant model
   108 ;;
   109                           
   110                           	psect	text0
   111  007FAC                     __ptext0:
   112                           	opt stack 0
   113  007FAC                     _main:
   114                           	opt stack 30
   115                           
   116                           ;main.c: 19: unsigned char z;
   117                           ;main.c: 20: TRISBbits.RB0=0;
   118                           
   119                           ;incstack = 0
   120  007FAC  9093               	bcf	3987,0,c	;volatile
   121                           
   122                           ;main.c: 21: TRISBbits.RB1=0;
   123  007FAE  9293               	bcf	3987,1,c	;volatile
   124                           
   125                           ;main.c: 23: uart_init();
   126  007FB0  EC82  F03F         	call	_uart_init	;wreg free
   127  007FB4                     l75:
   128                           
   129                           ;main.c: 25: {
   130                           ;main.c: 26: z=uart_rx();
   131  007FB4  EC89  F03F         	call	_uart_rx	;wreg free
   132  007FB8  6E07               	movwf	main@z,c
   133                           
   134                           ;main.c: 27: if(z=='a')
   135  007FBA  0E61               	movlw	97
   136  007FBC  1807               	xorwf	main@z,w,c
   137  007FBE  B4D8               	btfsc	status,2,c
   138                           
   139                           ;main.c: 28: {
   140                           ;main.c: 29: pwm_on();
   141  007FC0  ECB9  F03F         	call	_pwm_on	;wreg free
   142                           
   143                           ;main.c: 31: }
   144                           ;main.c: 32: if(z=='b')
   145  007FC4  0E62               	movlw	98
   146  007FC6  1807               	xorwf	main@z,w,c
   147  007FC8  B4D8               	btfsc	status,2,c
   148                           
   149                           ;main.c: 33: {
   150                           ;main.c: 34: pwm_25();
   151  007FCA  ECC7  F03F         	call	_pwm_25	;wreg free
   152                           
   153                           ;main.c: 35: }
   154                           ;main.c: 36: if(z=='c')
   155  007FCE  0E63               	movlw	99
   156  007FD0  1807               	xorwf	main@z,w,c
   157  007FD2  B4D8               	btfsc	status,2,c
   158                           
   159                           ;main.c: 37: {
   160                           ;main.c: 38: pwm_50();
   161  007FD4  EC90  F03F         	call	_pwm_50	;wreg free
   162                           
   163                           ;main.c: 39: }
   164                           ;main.c: 40: if(z=='d')
   165  007FD8  0E64               	movlw	100
   166  007FDA  1807               	xorwf	main@z,w,c
   167  007FDC  B4D8               	btfsc	status,2,c
   168                           
   169                           ;main.c: 41: {
   170                           ;main.c: 42: pwm_75();
   171  007FDE  EC9D  F03F         	call	_pwm_75	;wreg free
   172                           
   173                           ;main.c: 43: }
   174                           ;main.c: 44: if(z=='e')
   175  007FE2  0E65               	movlw	101
   176  007FE4  1807               	xorwf	main@z,w,c
   177  007FE6  B4D8               	btfsc	status,2,c
   178                           
   179                           ;main.c: 45: {
   180                           ;main.c: 46: pwm_off();
   181  007FE8  ECAB  F03F         	call	_pwm_off	;wreg free
   182                           
   183                           ;main.c: 47: }
   184                           ;main.c: 48: if(z=='f')
   185  007FEC  0E66               	movlw	102
   186  007FEE  1807               	xorwf	main@z,w,c
   187  007FF0  B4D8               	btfsc	status,2,c
   188                           
   189                           ;main.c: 49: {
   190                           ;main.c: 50: PORTBbits.RB1=1;
   191  007FF2  8281               	bsf	3969,1,c	;volatile
   192                           
   193                           ;main.c: 51: }
   194                           ;main.c: 52: if(z=='g')
   195  007FF4  0E67               	movlw	103
   196  007FF6  1807               	xorwf	main@z,w,c
   197  007FF8  A4D8               	btfss	status,2,c
   198  007FFA  D7DC               	goto	l75
   199                           
   200                           ;main.c: 53: {
   201                           ;main.c: 54: PORTBbits.RB1=0;
   202  007FFC  9281               	bcf	3969,1,c	;volatile
   203  007FFE  D7DA               	goto	l75
   204  008000                     __end_of_main:
   205                           	opt stack 0
   206                           status	equ	0xFD8
   207                           
   208 ;; *************** function _uart_rx *****************
   209 ;; Defined at:
   210 ;;		line 13 in file "uart.h"
   211 ;; Parameters:    Size  Location     Type
   212 ;;		None
   213 ;; Auto vars:     Size  Location     Type
   214 ;;  z               1    0[COMRAM] unsigned char 
   215 ;; Return value:  Size  Location     Type
   216 ;;                  1    wreg      unsigned char 
   217 ;; Registers used:
   218 ;;		wreg, status,2
   219 ;; Tracked objects:
   220 ;;		On entry : 0/0
   221 ;;		On exit  : 0/0
   222 ;;		Unchanged: 0/0
   223 ;; Data sizes:     COMRAM   BANK0   BANK1   BANK2   BANK3   BANK4   BANK5
   224 ;;      Params:         0       0       0       0       0       0       0
   225 ;;      Locals:         1       0       0       0       0       0       0
   226 ;;      Temps:          0       0       0       0       0       0       0
   227 ;;      Totals:         1       0       0       0       0       0       0
   228 ;;Total ram usage:        1 bytes
   229 ;; Hardware stack levels used:    1
   230 ;; This function calls:
   231 ;;		Nothing
   232 ;; This function is called by:
   233 ;;		_main
   234 ;; This function uses a non-reentrant model
   235 ;;
   236                           
   237                           	psect	text1
   238  007F12                     __ptext1:
   239                           	opt stack 0
   240  007F12                     _uart_rx:
   241                           	opt stack 30
   242  007F12                     l57:
   243  007F12  AA9E               	btfss	3998,5,c	;volatile
   244  007F14  D7FE               	goto	l57
   245                           
   246                           ;uart.h: 17: z=RCREG;
   247  007F16  CFAE F001          	movff	4014,uart_rx@z	;volatile
   248                           
   249                           ;uart.h: 18: PIR1bits.RCIF=0;
   250  007F1A  9A9E               	bcf	3998,5,c	;volatile
   251                           
   252                           ;uart.h: 19: return(z);
   253  007F1C  5001               	movf	uart_rx@z,w,c
   254  007F1E  0012               	return	
   255  007F20                     __end_of_uart_rx:
   256                           	opt stack 0
   257                           status	equ	0xFD8
   258                           
   259 ;; *************** function _uart_init *****************
   260 ;; Defined at:
   261 ;;		line 7 in file "uart.h"
   262 ;; Parameters:    Size  Location     Type
   263 ;;		None
   264 ;; Auto vars:     Size  Location     Type
   265 ;;		None
   266 ;; Return value:  Size  Location     Type
   267 ;;		None               void
   268 ;; Registers used:
   269 ;;		wreg, status,2
   270 ;; Tracked objects:
   271 ;;		On entry : 0/0
   272 ;;		On exit  : 0/0
   273 ;;		Unchanged: 0/0
   274 ;; Data sizes:     COMRAM   BANK0   BANK1   BANK2   BANK3   BANK4   BANK5
   275 ;;      Params:         0       0       0       0       0       0       0
   276 ;;      Locals:         0       0       0       0       0       0       0
   277 ;;      Temps:          0       0       0       0       0       0       0
   278 ;;      Totals:         0       0       0       0       0       0       0
   279 ;;Total ram usage:        0 bytes
   280 ;; Hardware stack levels used:    1
   281 ;; This function calls:
   282 ;;		Nothing
   283 ;; This function is called by:
   284 ;;		_main
   285 ;; This function uses a non-reentrant model
   286 ;;
   287                           
   288                           	psect	text2
   289  007F04                     __ptext2:
   290                           	opt stack 0
   291  007F04                     _uart_init:
   292                           	opt stack 30
   293                           
   294                           ;uart.h: 9: TXSTA=0x20;
   295                           
   296                           ;incstack = 0
   297  007F04  0E20               	movlw	32
   298  007F06  6EAC               	movwf	4012,c	;volatile
   299                           
   300                           ;uart.h: 10: SPBRG=15;
   301  007F08  0E0F               	movlw	15
   302  007F0A  6EAF               	movwf	4015,c	;volatile
   303                           
   304                           ;uart.h: 11: RCSTA=0x90;
   305  007F0C  0E90               	movlw	144
   306  007F0E  6EAB               	movwf	4011,c	;volatile
   307  007F10  0012               	return		;funcret
   308  007F12                     __end_of_uart_init:
   309                           	opt stack 0
   310                           status	equ	0xFD8
   311                           
   312 ;; *************** function _pwm_on *****************
   313 ;; Defined at:
   314 ;;		line 45 in file "pwm.h"
   315 ;; Parameters:    Size  Location     Type
   316 ;;		None
   317 ;; Auto vars:     Size  Location     Type
   318 ;;		None
   319 ;; Return value:  Size  Location     Type
   320 ;;		None               void
   321 ;; Registers used:
   322 ;;		wreg, status,2
   323 ;; Tracked objects:
   324 ;;		On entry : 0/0
   325 ;;		On exit  : 0/0
   326 ;;		Unchanged: 0/0
   327 ;; Data sizes:     COMRAM   BANK0   BANK1   BANK2   BANK3   BANK4   BANK5
   328 ;;      Params:         0       0       0       0       0       0       0
   329 ;;      Locals:         0       0       0       0       0       0       0
   330 ;;      Temps:          0       0       0       0       0       0       0
   331 ;;      Totals:         0       0       0       0       0       0       0
   332 ;;Total ram usage:        0 bytes
   333 ;; Hardware stack levels used:    1
   334 ;; This function calls:
   335 ;;		Nothing
   336 ;; This function is called by:
   337 ;;		_main
   338 ;; This function uses a non-reentrant model
   339 ;;
   340                           
   341                           	psect	text3
   342  007F72                     __ptext3:
   343                           	opt stack 0
   344  007F72                     _pwm_on:
   345                           	opt stack 30
   346                           
   347                           ;pwm.h: 48: TRISAbits.RA0=0;
   348                           
   349                           ;incstack = 0
   350  007F72  9092               	bcf	3986,0,c	;volatile
   351                           
   352                           ;pwm.h: 49: TRISCbits.RC2=0;
   353  007F74  9494               	bcf	3988,2,c	;volatile
   354                           
   355                           ;pwm.h: 50: T2CON=0X00;
   356  007F76  0E00               	movlw	0
   357  007F78  6ECA               	movwf	4042,c	;volatile
   358                           
   359                           ;pwm.h: 51: CCP2CON=0X1f;
   360  007F7A  0E1F               	movlw	31
   361  007F7C  6EBA               	movwf	4026,c	;volatile
   362                           
   363                           ;pwm.h: 52: PR2=99;
   364  007F7E  0E63               	movlw	99
   365  007F80  6ECB               	movwf	4043,c	;volatile
   366                           
   367                           ;pwm.h: 53: TMR2=0X00;
   368  007F82  0E00               	movlw	0
   369  007F84  6ECC               	movwf	4044,c	;volatile
   370                           
   371                           ;pwm.h: 54: CCPR2L=99;
   372  007F86  0E63               	movlw	99
   373  007F88  6EBB               	movwf	4027,c	;volatile
   374                           
   375                           ;pwm.h: 55: T2CONbits.TMR2ON=1;
   376  007F8A  84CA               	bsf	4042,2,c	;volatile
   377  007F8C  0012               	return		;funcret
   378  007F8E                     __end_of_pwm_on:
   379                           	opt stack 0
   380                           status	equ	0xFD8
   381                           
   382 ;; *************** function _pwm_off *****************
   383 ;; Defined at:
   384 ;;		line 58 in file "pwm.h"
   385 ;; Parameters:    Size  Location     Type
   386 ;;		None
   387 ;; Auto vars:     Size  Location     Type
   388 ;;		None
   389 ;; Return value:  Size  Location     Type
   390 ;;		None               void
   391 ;; Registers used:
   392 ;;		wreg, status,2
   393 ;; Tracked objects:
   394 ;;		On entry : 0/0
   395 ;;		On exit  : 0/0
   396 ;;		Unchanged: 0/0
   397 ;; Data sizes:     COMRAM   BANK0   BANK1   BANK2   BANK3   BANK4   BANK5
   398 ;;      Params:         0       0       0       0       0       0       0
   399 ;;      Locals:         0       0       0       0       0       0       0
   400 ;;      Temps:          0       0       0       0       0       0       0
   401 ;;      Totals:         0       0       0       0       0       0       0
   402 ;;Total ram usage:        0 bytes
   403 ;; Hardware stack levels used:    1
   404 ;; This function calls:
   405 ;;		Nothing
   406 ;; This function is called by:
   407 ;;		_main
   408 ;; This function uses a non-reentrant model
   409 ;;
   410                           
   411                           	psect	text4
   412  007F56                     __ptext4:
   413                           	opt stack 0
   414  007F56                     _pwm_off:
   415                           	opt stack 30
   416                           
   417                           ;pwm.h: 61: TRISAbits.RA0=0;
   418                           
   419                           ;incstack = 0
   420  007F56  9092               	bcf	3986,0,c	;volatile
   421                           
   422                           ;pwm.h: 62: TRISCbits.RC2=0;
   423  007F58  9494               	bcf	3988,2,c	;volatile
   424                           
   425                           ;pwm.h: 63: T2CON=0X00;
   426  007F5A  0E00               	movlw	0
   427  007F5C  6ECA               	movwf	4042,c	;volatile
   428                           
   429                           ;pwm.h: 64: CCP2CON=0X1f;
   430  007F5E  0E1F               	movlw	31
   431  007F60  6EBA               	movwf	4026,c	;volatile
   432                           
   433                           ;pwm.h: 65: PR2=99;
   434  007F62  0E63               	movlw	99
   435  007F64  6ECB               	movwf	4043,c	;volatile
   436                           
   437                           ;pwm.h: 66: TMR2=0X00;
   438  007F66  0E00               	movlw	0
   439  007F68  6ECC               	movwf	4044,c	;volatile
   440                           
   441                           ;pwm.h: 67: CCPR2L=00;
   442  007F6A  0E00               	movlw	0
   443  007F6C  6EBB               	movwf	4027,c	;volatile
   444                           
   445                           ;pwm.h: 68: T2CONbits.TMR2ON=1;
   446  007F6E  84CA               	bsf	4042,2,c	;volatile
   447  007F70  0012               	return		;funcret
   448  007F72                     __end_of_pwm_off:
   449                           	opt stack 0
   450                           status	equ	0xFD8
   451                           
   452 ;; *************** function _pwm_75 *****************
   453 ;; Defined at:
   454 ;;		line 32 in file "pwm.h"
   455 ;; Parameters:    Size  Location     Type
   456 ;;		None
   457 ;; Auto vars:     Size  Location     Type
   458 ;;		None
   459 ;; Return value:  Size  Location     Type
   460 ;;		None               void
   461 ;; Registers used:
   462 ;;		wreg, status,2
   463 ;; Tracked objects:
   464 ;;		On entry : 0/0
   465 ;;		On exit  : 0/0
   466 ;;		Unchanged: 0/0
   467 ;; Data sizes:     COMRAM   BANK0   BANK1   BANK2   BANK3   BANK4   BANK5
   468 ;;      Params:         0       0       0       0       0       0       0
   469 ;;      Locals:         0       0       0       0       0       0       0
   470 ;;      Temps:          0       0       0       0       0       0       0
   471 ;;      Totals:         0       0       0       0       0       0       0
   472 ;;Total ram usage:        0 bytes
   473 ;; Hardware stack levels used:    1
   474 ;; This function calls:
   475 ;;		Nothing
   476 ;; This function is called by:
   477 ;;		_main
   478 ;; This function uses a non-reentrant model
   479 ;;
   480                           
   481                           	psect	text5
   482  007F3A                     __ptext5:
   483                           	opt stack 0
   484  007F3A                     _pwm_75:
   485                           	opt stack 30
   486                           
   487                           ;pwm.h: 35: TRISAbits.RA0=0;
   488                           
   489                           ;incstack = 0
   490  007F3A  9092               	bcf	3986,0,c	;volatile
   491                           
   492                           ;pwm.h: 36: TRISCbits.RC2=0;
   493  007F3C  9494               	bcf	3988,2,c	;volatile
   494                           
   495                           ;pwm.h: 37: T2CON=0X00;
   496  007F3E  0E00               	movlw	0
   497  007F40  6ECA               	movwf	4042,c	;volatile
   498                           
   499                           ;pwm.h: 38: CCP2CON=0X1f;
   500  007F42  0E1F               	movlw	31
   501  007F44  6EBA               	movwf	4026,c	;volatile
   502                           
   503                           ;pwm.h: 39: PR2=99;
   504  007F46  0E63               	movlw	99
   505  007F48  6ECB               	movwf	4043,c	;volatile
   506                           
   507                           ;pwm.h: 40: TMR2=0X00;
   508  007F4A  0E00               	movlw	0
   509  007F4C  6ECC               	movwf	4044,c	;volatile
   510                           
   511                           ;pwm.h: 41: CCPR2L=75;
   512  007F4E  0E4B               	movlw	75
   513  007F50  6EBB               	movwf	4027,c	;volatile
   514                           
   515                           ;pwm.h: 42: T2CONbits.TMR2ON=1;
   516  007F52  84CA               	bsf	4042,2,c	;volatile
   517  007F54  0012               	return		;funcret
   518  007F56                     __end_of_pwm_75:
   519                           	opt stack 0
   520                           status	equ	0xFD8
   521                           
   522 ;; *************** function _pwm_50 *****************
   523 ;; Defined at:
   524 ;;		line 20 in file "pwm.h"
   525 ;; Parameters:    Size  Location     Type
   526 ;;		None
   527 ;; Auto vars:     Size  Location     Type
   528 ;;		None
   529 ;; Return value:  Size  Location     Type
   530 ;;		None               void
   531 ;; Registers used:
   532 ;;		wreg, status,2
   533 ;; Tracked objects:
   534 ;;		On entry : 0/0
   535 ;;		On exit  : 0/0
   536 ;;		Unchanged: 0/0
   537 ;; Data sizes:     COMRAM   BANK0   BANK1   BANK2   BANK3   BANK4   BANK5
   538 ;;      Params:         0       0       0       0       0       0       0
   539 ;;      Locals:         0       0       0       0       0       0       0
   540 ;;      Temps:          0       0       0       0       0       0       0
   541 ;;      Totals:         0       0       0       0       0       0       0
   542 ;;Total ram usage:        0 bytes
   543 ;; Hardware stack levels used:    1
   544 ;; This function calls:
   545 ;;		Nothing
   546 ;; This function is called by:
   547 ;;		_main
   548 ;; This function uses a non-reentrant model
   549 ;;
   550                           
   551                           	psect	text6
   552  007F20                     __ptext6:
   553                           	opt stack 0
   554  007F20                     _pwm_50:
   555                           	opt stack 30
   556                           
   557                           ;pwm.h: 23: TRISCbits.RC1=0;
   558                           
   559                           ;incstack = 0
   560  007F20  9294               	bcf	3988,1,c	;volatile
   561                           
   562                           ;pwm.h: 24: T2CON=0X00;
   563  007F22  0E00               	movlw	0
   564  007F24  6ECA               	movwf	4042,c	;volatile
   565                           
   566                           ;pwm.h: 25: CCP2CON=0X1f;
   567  007F26  0E1F               	movlw	31
   568  007F28  6EBA               	movwf	4026,c	;volatile
   569                           
   570                           ;pwm.h: 26: PR2=99;
   571  007F2A  0E63               	movlw	99
   572  007F2C  6ECB               	movwf	4043,c	;volatile
   573                           
   574                           ;pwm.h: 27: TMR2=0X00;
   575  007F2E  0E00               	movlw	0
   576  007F30  6ECC               	movwf	4044,c	;volatile
   577                           
   578                           ;pwm.h: 28: CCPR2L=50;
   579  007F32  0E32               	movlw	50
   580  007F34  6EBB               	movwf	4027,c	;volatile
   581                           
   582                           ;pwm.h: 29: T2CONbits.TMR2ON=1;
   583  007F36  84CA               	bsf	4042,2,c	;volatile
   584  007F38  0012               	return		;funcret
   585  007F3A                     __end_of_pwm_50:
   586                           	opt stack 0
   587                           status	equ	0xFD8
   588                           
   589 ;; *************** function _pwm_25 *****************
   590 ;; Defined at:
   591 ;;		line 7 in file "pwm.h"
   592 ;; Parameters:    Size  Location     Type
   593 ;;		None
   594 ;; Auto vars:     Size  Location     Type
   595 ;;		None
   596 ;; Return value:  Size  Location     Type
   597 ;;		None               void
   598 ;; Registers used:
   599 ;;		wreg, status,2
   600 ;; Tracked objects:
   601 ;;		On entry : 0/0
   602 ;;		On exit  : 0/0
   603 ;;		Unchanged: 0/0
   604 ;; Data sizes:     COMRAM   BANK0   BANK1   BANK2   BANK3   BANK4   BANK5
   605 ;;      Params:         0       0       0       0       0       0       0
   606 ;;      Locals:         0       0       0       0       0       0       0
   607 ;;      Temps:          0       0       0       0       0       0       0
   608 ;;      Totals:         0       0       0       0       0       0       0
   609 ;;Total ram usage:        0 bytes
   610 ;; Hardware stack levels used:    1
   611 ;; This function calls:
   612 ;;		Nothing
   613 ;; This function is called by:
   614 ;;		_main
   615 ;; This function uses a non-reentrant model
   616 ;;
   617                           
   618                           	psect	text7
   619  007F8E                     __ptext7:
   620                           	opt stack 0
   621  007F8E                     _pwm_25:
   622                           	opt stack 30
   623                           
   624                           ;pwm.h: 11: TRISCbits.RC1=0;
   625                           
   626                           ;incstack = 0
   627  007F8E  9294               	bcf	3988,1,c	;volatile
   628                           
   629                           ;pwm.h: 12: T2CON=0X00;
   630  007F90  0E00               	movlw	0
   631  007F92  6ECA               	movwf	4042,c	;volatile
   632                           
   633                           ;pwm.h: 13: CCP2CON=0X1f;
   634  007F94  0E1F               	movlw	31
   635  007F96  6EBA               	movwf	4026,c	;volatile
   636                           
   637                           ;pwm.h: 14: PR2=99;
   638  007F98  0E63               	movlw	99
   639  007F9A  6ECB               	movwf	4043,c	;volatile
   640                           
   641                           ;pwm.h: 15: TMR2=0X00;
   642  007F9C  0E00               	movlw	0
   643  007F9E  6ECC               	movwf	4044,c	;volatile
   644                           
   645                           ;pwm.h: 16: CCPR2L=25;
   646  007FA0  0E19               	movlw	25
   647  007FA2  6EBB               	movwf	4027,c	;volatile
   648                           
   649                           ;pwm.h: 17: T2CONbits.TMR2ON=1;
   650  007FA4  84CA               	bsf	4042,2,c	;volatile
   651                           
   652                           ;pwm.h: 18: CCP1CON=0X00;
   653  007FA6  0E00               	movlw	0
   654  007FA8  6EBD               	movwf	4029,c	;volatile
   655  007FAA  0012               	return		;funcret
   656  007FAC                     __end_of_pwm_25:
   657                           	opt stack 0
   658  0000                     status	equ	0xFD8
   659                           status	equ	0xFD8
   660                           
   661                           	psect	rparam
   662  0000                     status	equ	0xFD8


Data Sizes:
    Strings     0
    Constant    0
    Data        0
    BSS         0
    Persistent  0
    Stack       0

Auto Spaces:
    Space          Size  Autos    Used
    COMRAM          127      7       7
    BANK0           128      0       0
    BANK1           256      0       0
    BANK2           256      0       0
    BANK3           256      0       0
    BANK4           256      0       0
    BANK5           256      0       0

Pointer List with Targets:

    None.

Critical Paths under _main in COMRAM

    _main->_uart_rx

Critical Paths under _main in BANK0

    None.

Critical Paths under _main in BANK1

    None.

Critical Paths under _main in BANK2

    None.

Critical Paths under _main in BANK3

    None.

Critical Paths under _main in BANK4

    None.

Critical Paths under _main in BANK5

    None.

Call Graph Tables:

 ---------------------------------------------------------------------------------
 (Depth) Function   	        Calls       Base Space   Used Autos Params    Refs
 ---------------------------------------------------------------------------------
 (0) _main                                                 6     1      5     170
                                              1 COMRAM     6     1      5
                             _pwm_25
                             _pwm_50
                             _pwm_75
                            _pwm_off
                             _pwm_on
                          _uart_init
                            _uart_rx
 ---------------------------------------------------------------------------------
 (1) _uart_rx                                              1     1      0      15
                                              0 COMRAM     1     1      0
 ---------------------------------------------------------------------------------
 (1) _uart_init                                            0     0      0       0
 ---------------------------------------------------------------------------------
 (1) _pwm_on                                               0     0      0       0
 ---------------------------------------------------------------------------------
 (1) _pwm_off                                              0     0      0       0
 ---------------------------------------------------------------------------------
 (1) _pwm_75                                               0     0      0       0
 ---------------------------------------------------------------------------------
 (1) _pwm_50                                               0     0      0       0
 ---------------------------------------------------------------------------------
 (1) _pwm_25                                               0     0      0       0
 ---------------------------------------------------------------------------------
 Estimated maximum stack depth 1
 ---------------------------------------------------------------------------------

 Call Graph Graphs:

 _main (ROOT)
   _pwm_25
   _pwm_50
   _pwm_75
   _pwm_off
   _pwm_on
   _uart_init
   _uart_rx

 Address spaces:
Name               Size   Autos  Total    Cost      Usage
BITCOMRAM           7F      0       0       0        0.0%
EEDATA             100      0       0       0        0.0%
NULL                 0      0       0       0        0.0%
CODE                 0      0       0       0        0.0%
COMRAM              7F      7       7       1        5.5%
STACK                0      0       0       2        0.0%
DATA                 0      0       0       3        0.0%
BITBANK0            80      0       0       4        0.0%
BANK0               80      0       0       5        0.0%
BITBANK1           100      0       0       6        0.0%
BANK1              100      0       0       7        0.0%
BITBANK2           100      0       0       8        0.0%
BANK2              100      0       0       9        0.0%
BITBANK3           100      0       0      10        0.0%
BANK3              100      0       0      11        0.0%
BITBANK4           100      0       0      12        0.0%
BANK4              100      0       0      13        0.0%
BANK5              100      0       0      14        0.0%
ABS                  0      0       0      15        0.0%
BITBANK5           100      0       0      16        0.0%
BIGRAM             5FF      0       0      17        0.0%
BITSFR               0      0       0      40        0.0%
SFR                  0      0       0      40        0.0%


Microchip Technology PIC18 Macro Assembler V1.35 build -356382666 
Symbol Table                                                                                   Tue Oct 31 11:51:08 2017

                     l57 7F12                       l75 7FB4              __CFG_BORV$3 000000  
           __CFG_CP0$OFF 000000             __CFG_CP1$OFF 000000             __CFG_CP2$OFF 000000  
           __CFG_CP3$OFF 000000              __CFG_OSC$HS 000000             __CFG_CPB$OFF 000000  
                    _PR2 000FCB             __CFG_CPD$OFF 000000             __CFG_LVP$OFF 000000  
           __CFG_WDT$OFF 000000                     _TMR2 000FCC                     _main 7FAC  
                   start 0000            __CFG_IESO$OFF 000000             ___param_bank 000010  
                  ?_main 0002                    _T2CON 000FCA                    _RCREG 000FAE  
                  _RCSTA 000FAB                    _SPBRG 000FAF                    _TXREG 000FAD  
                  _TXSTA 000FAC            __CFG_PWRT$OFF 000000            __CFG_WRT0$OFF 000000  
          __CFG_WRT1$OFF 000000            __CFG_WRT2$OFF 000000            __CFG_WRT3$OFF 000000  
         __CFG_EBTR0$OFF 000000           __CFG_FCMEN$OFF 000000           __CFG_EBTR1$OFF 000000  
         __CFG_EBTR2$OFF 000000           __CFG_EBTR3$OFF 000000            __CFG_WRTB$OFF 000000  
          __CFG_WRTC$OFF 000000            __CFG_WRTD$OFF 000000           __CFG_EBTRB$OFF 000000  
                  main@z 0007          __end_of_uart_rx 7F20          __end_of_pwm_off 7F72  
                  status 000FD8           __CFG_MCLRE$OFF 000000          __initialization 7EFE  
           __end_of_main 8000                   ??_main 0007            __activetblptr 000000  
                 _CCPR2L 000FBB           __CFG_XINST$OFF 000000                   _pwm_25 7F8E  
                 _pwm_50 7F20                   _pwm_75 7F3A                   _pwm_on 7F72  
              ??_uart_rx 0001                ??_pwm_off 0001               __accesstop 0080  
__end_of__initialization 7EFE          __CFG_PBADEN$OFF 000000            ___rparam_used 000001  
         __pcstackCOMRAM 0001                  _CCP1CON 000FBD                  _CCP2CON 000FBA  
                ?_pwm_25 0001                  ?_pwm_50 0001                  ?_pwm_75 0001  
                ?_pwm_on 0001       __size_of_uart_init 000E                  __Hparam 0000  
                __Lparam 0000          __CFG_STVREN$OFF 000000                  __pcinit 7EFE  
                __ramtop 0600          __size_of_pwm_25 001E          __size_of_pwm_50 001A  
        __size_of_pwm_75 001C                  __ptext0 7FAC                  __ptext1 7F12  
                __ptext2 7F04                  __ptext3 7F72                  __ptext4 7F56  
                __ptext5 7F3A                  __ptext6 7F20                  __ptext7 7F8E  
        __size_of_pwm_on 001C                _T2CONbits 000FCA                  _uart_rx 7F12  
                _pwm_off 7F56     end_of_initialization 7EFE        __end_of_uart_init 7F12  
              _PORTBbits 000F81                _TRISAbits 000F92                _TRISBbits 000F93  
              _TRISCbits 000F94           __end_of_pwm_25 7FAC           __end_of_pwm_50 7F3A  
         __end_of_pwm_75 7F56           __end_of_pwm_on 7F8E      start_initialization 7EFE  
       __CFG_LPT1OSC$OFF 000000                 ??_pwm_25 0001                 ??_pwm_50 0001  
               ??_pwm_75 0001                 ??_pwm_on 0001        __CFG_CCP2MX$PORTC 000000  
               ?_uart_rx 0001                 ?_pwm_off 0001                 _PIR1bits 000F9E  
       __CFG_WDTPS$32768 000000                _uart_init 7F04                 __Hrparam 0000  
               __Lrparam 0000       __CFG_BOREN$SBORDIS 000000               ?_uart_init 0001  
       __size_of_uart_rx 000E         __size_of_pwm_off 001C            __size_of_main 0054  
               main@argc 0002                 main@argv 0004                 uart_rx@z 0001  
            ??_uart_init 0001  
